[2024-06-04T12:20:37.327+0000] {local_task_job_runner.py:120} INFO - ::group::Pre task execution logs
[2024-06-04T12:20:37.353+0000] {taskinstance.py:2076} INFO - Dependencies all met for dep_context=non-requeueable deps ti=<TaskInstance: metrics_calculators.pipelin_dsqe manual__2024-06-04T12:20:35.828197+00:00 [queued]>
[2024-06-04T12:20:37.358+0000] {taskinstance.py:2076} INFO - Dependencies all met for dep_context=requeueable deps ti=<TaskInstance: metrics_calculators.pipelin_dsqe manual__2024-06-04T12:20:35.828197+00:00 [queued]>
[2024-06-04T12:20:37.359+0000] {taskinstance.py:2306} INFO - Starting attempt 1 of 2
[2024-06-04T12:20:37.370+0000] {taskinstance.py:2330} INFO - Executing <Task(PythonOperator): pipelin_dsqe> on 2024-06-04 12:20:35.828197+00:00
[2024-06-04T12:20:37.374+0000] {warnings.py:110} WARNING - /home/***/.local/lib/python3.12/site-packages/***/task/task_runner/standard_task_runner.py:61: DeprecationWarning: This process (pid=12098) is multi-threaded, use of fork() may lead to deadlocks in the child.
  pid = os.fork()

[2024-06-04T12:20:37.375+0000] {standard_task_runner.py:63} INFO - Started process 12100 to run task
[2024-06-04T12:20:37.375+0000] {standard_task_runner.py:90} INFO - Running: ['***', 'tasks', 'run', 'metrics_calculators', 'pipelin_dsqe', 'manual__2024-06-04T12:20:35.828197+00:00', '--job-id', '25', '--raw', '--subdir', 'DAGS_FOLDER/dag_reader.py', '--cfg-path', '/tmp/tmprqovw7ir']
[2024-06-04T12:20:37.377+0000] {standard_task_runner.py:91} INFO - Job 25: Subtask pipelin_dsqe
[2024-06-04T12:20:37.417+0000] {task_command.py:426} INFO - Running <TaskInstance: metrics_calculators.pipelin_dsqe manual__2024-06-04T12:20:35.828197+00:00 [running]> on host f291404afb14
[2024-06-04T12:20:37.465+0000] {taskinstance.py:2648} INFO - Exporting env vars: AIRFLOW_CTX_DAG_OWNER='mehdizarria' AIRFLOW_CTX_DAG_ID='metrics_calculators' AIRFLOW_CTX_TASK_ID='pipelin_dsqe' AIRFLOW_CTX_EXECUTION_DATE='2024-06-04T12:20:35.828197+00:00' AIRFLOW_CTX_TRY_NUMBER='1' AIRFLOW_CTX_DAG_RUN_ID='manual__2024-06-04T12:20:35.828197+00:00'
[2024-06-04T12:20:37.467+0000] {taskinstance.py:430} INFO - ::endgroup::
[2024-06-04T12:20:37.467+0000] {logging_mixin.py:188} INFO - pipeline
[2024-06-04T12:20:37.467+0000] {python.py:237} INFO - Done. Returned value was: None
[2024-06-04T12:20:37.468+0000] {taskinstance.py:441} INFO - ::group::Post task execution logs
[2024-06-04T12:20:37.474+0000] {taskinstance.py:1206} INFO - Marking task as SUCCESS. dag_id=metrics_calculators, task_id=pipelin_dsqe, run_id=manual__2024-06-04T12:20:35.828197+00:00, execution_date=20240604T122035, start_date=20240604T122037, end_date=20240604T122037
[2024-06-04T12:20:37.520+0000] {local_task_job_runner.py:240} INFO - Task exited with return code 0
[2024-06-04T12:20:37.534+0000] {taskinstance.py:3498} INFO - 0 downstream tasks scheduled from follow-on schedule check
[2024-06-04T12:20:37.535+0000] {local_task_job_runner.py:222} INFO - ::endgroup::
