[2024-06-06T00:00:01.458+0000] {local_task_job_runner.py:120} INFO - ::group::Pre task execution logs
[2024-06-06T00:00:01.477+0000] {taskinstance.py:2076} INFO - Dependencies all met for dep_context=non-requeueable deps ti=<TaskInstance: example_short_circuit_operator.condition_is_False scheduled__2024-06-05T00:00:00+00:00 [queued]>
[2024-06-06T00:00:01.491+0000] {taskinstance.py:2076} INFO - Dependencies all met for dep_context=requeueable deps ti=<TaskInstance: example_short_circuit_operator.condition_is_False scheduled__2024-06-05T00:00:00+00:00 [queued]>
[2024-06-06T00:00:01.492+0000] {taskinstance.py:2306} INFO - Starting attempt 1 of 1
[2024-06-06T00:00:01.502+0000] {taskinstance.py:2330} INFO - Executing <Task(ShortCircuitOperator): condition_is_False> on 2024-06-05 00:00:00+00:00
[2024-06-06T00:00:01.510+0000] {warnings.py:110} WARNING - /home/***/.local/lib/python3.12/site-packages/***/task/task_runner/standard_task_runner.py:61: DeprecationWarning: This process (pid=7173) is multi-threaded, use of fork() may lead to deadlocks in the child.
  pid = os.fork()

[2024-06-06T00:00:01.513+0000] {standard_task_runner.py:63} INFO - Started process 7181 to run task
[2024-06-06T00:00:01.513+0000] {standard_task_runner.py:90} INFO - Running: ['***', 'tasks', 'run', 'example_short_circuit_operator', 'condition_is_False', 'scheduled__2024-06-05T00:00:00+00:00', '--job-id', '57', '--raw', '--subdir', '/home/***/.local/lib/python3.12/site-packages/***/example_dags/example_short_circuit_operator.py', '--cfg-path', '/tmp/tmpu9owy3o1']
[2024-06-06T00:00:01.515+0000] {standard_task_runner.py:91} INFO - Job 57: Subtask condition_is_False
[2024-06-06T00:00:01.584+0000] {task_command.py:426} INFO - Running <TaskInstance: example_short_circuit_operator.condition_is_False scheduled__2024-06-05T00:00:00+00:00 [running]> on host 9d270a478535
[2024-06-06T00:00:01.675+0000] {taskinstance.py:2648} INFO - Exporting env vars: AIRFLOW_CTX_DAG_OWNER='***' AIRFLOW_CTX_DAG_ID='example_short_circuit_operator' AIRFLOW_CTX_TASK_ID='condition_is_False' AIRFLOW_CTX_EXECUTION_DATE='2024-06-05T00:00:00+00:00' AIRFLOW_CTX_TRY_NUMBER='1' AIRFLOW_CTX_DAG_RUN_ID='scheduled__2024-06-05T00:00:00+00:00'
[2024-06-06T00:00:01.677+0000] {taskinstance.py:430} INFO - ::endgroup::
[2024-06-06T00:00:01.678+0000] {baseoperator.py:399} WARNING - ShortCircuitOperator.execute cannot be called outside TaskInstance!
[2024-06-06T00:00:01.678+0000] {python.py:237} INFO - Done. Returned value was: False
[2024-06-06T00:00:01.679+0000] {python.py:304} INFO - Condition result is False
[2024-06-06T00:00:01.679+0000] {python.py:331} INFO - Skipping downstream tasks
[2024-06-06T00:00:01.697+0000] {python.py:339} INFO - Done.
[2024-06-06T00:00:01.699+0000] {taskinstance.py:441} INFO - ::group::Post task execution logs
[2024-06-06T00:00:01.715+0000] {taskinstance.py:1206} INFO - Marking task as SUCCESS. dag_id=example_short_circuit_operator, task_id=condition_is_False, run_id=scheduled__2024-06-05T00:00:00+00:00, execution_date=20240605T000000, start_date=20240606T000001, end_date=20240606T000001
[2024-06-06T00:00:01.734+0000] {local_task_job_runner.py:240} INFO - Task exited with return code 0
[2024-06-06T00:00:01.747+0000] {taskinstance.py:3498} INFO - 0 downstream tasks scheduled from follow-on schedule check
[2024-06-06T00:00:01.749+0000] {local_task_job_runner.py:222} INFO - ::endgroup::
