[2024-06-03T21:43:51.413+0000] {local_task_job_runner.py:120} INFO - ::group::Pre task execution logs
[2024-06-03T21:43:51.463+0000] {taskinstance.py:2076} INFO - Dependencies all met for dep_context=non-requeueable deps ti=<TaskInstance: example_short_circuit_operator.short_circuit manual__2024-06-03T21:43:48.876753+00:00 [queued]>
[2024-06-03T21:43:51.475+0000] {taskinstance.py:2076} INFO - Dependencies all met for dep_context=requeueable deps ti=<TaskInstance: example_short_circuit_operator.short_circuit manual__2024-06-03T21:43:48.876753+00:00 [queued]>
[2024-06-03T21:43:51.477+0000] {taskinstance.py:2306} INFO - Starting attempt 1 of 1
[2024-06-03T21:43:51.486+0000] {taskinstance.py:2330} INFO - Executing <Task(ShortCircuitOperator): short_circuit> on 2024-06-03 21:43:48.876753+00:00
[2024-06-03T21:43:51.491+0000] {warnings.py:110} WARNING - /home/***/.local/lib/python3.12/site-packages/***/task/task_runner/standard_task_runner.py:61: DeprecationWarning: This process (pid=383) is multi-threaded, use of fork() may lead to deadlocks in the child.
  pid = os.fork()

[2024-06-03T21:43:51.493+0000] {standard_task_runner.py:63} INFO - Started process 395 to run task
[2024-06-03T21:43:51.493+0000] {standard_task_runner.py:90} INFO - Running: ['***', 'tasks', 'run', 'example_short_circuit_operator', 'short_circuit', 'manual__2024-06-03T21:43:48.876753+00:00', '--job-id', '11', '--raw', '--subdir', '/home/***/.local/lib/python3.12/site-packages/***/example_dags/example_short_circuit_operator.py', '--cfg-path', '/tmp/tmp1pu_ma7o']
[2024-06-03T21:43:51.495+0000] {standard_task_runner.py:91} INFO - Job 11: Subtask short_circuit
[2024-06-03T21:43:51.541+0000] {task_command.py:426} INFO - Running <TaskInstance: example_short_circuit_operator.short_circuit manual__2024-06-03T21:43:48.876753+00:00 [running]> on host f291404afb14
[2024-06-03T21:43:51.617+0000] {taskinstance.py:2648} INFO - Exporting env vars: AIRFLOW_CTX_DAG_OWNER='***' AIRFLOW_CTX_DAG_ID='example_short_circuit_operator' AIRFLOW_CTX_TASK_ID='short_circuit' AIRFLOW_CTX_EXECUTION_DATE='2024-06-03T21:43:48.876753+00:00' AIRFLOW_CTX_TRY_NUMBER='1' AIRFLOW_CTX_DAG_RUN_ID='manual__2024-06-03T21:43:48.876753+00:00'
[2024-06-03T21:43:51.620+0000] {taskinstance.py:430} INFO - ::endgroup::
[2024-06-03T21:43:51.620+0000] {baseoperator.py:399} WARNING - ShortCircuitOperator.execute cannot be called outside TaskInstance!
[2024-06-03T21:43:51.621+0000] {python.py:237} INFO - Done. Returned value was: False
[2024-06-03T21:43:51.624+0000] {python.py:304} INFO - Condition result is False
[2024-06-03T21:43:51.625+0000] {python.py:331} INFO - Skipping downstream tasks
[2024-06-03T21:43:51.646+0000] {python.py:339} INFO - Done.
[2024-06-03T21:43:51.646+0000] {taskinstance.py:441} INFO - ::group::Post task execution logs
[2024-06-03T21:43:51.667+0000] {taskinstance.py:1206} INFO - Marking task as SUCCESS. dag_id=example_short_circuit_operator, task_id=short_circuit, run_id=manual__2024-06-03T21:43:48.876753+00:00, execution_date=20240603T214348, start_date=20240603T214351, end_date=20240603T214351
[2024-06-03T21:43:51.721+0000] {local_task_job_runner.py:240} INFO - Task exited with return code 0
[2024-06-03T21:43:51.736+0000] {taskinstance.py:3498} INFO - 0 downstream tasks scheduled from follow-on schedule check
[2024-06-03T21:43:51.738+0000] {local_task_job_runner.py:222} INFO - ::endgroup::
