[2024-06-04T00:00:04.503+0000] {local_task_job_runner.py:120} INFO - ::group::Pre task execution logs
[2024-06-04T00:00:04.517+0000] {taskinstance.py:2076} INFO - Dependencies all met for dep_context=non-requeueable deps ti=<TaskInstance: example_weekday_branch_operator.make_weekend_choice scheduled__2024-06-03T00:00:00+00:00 [queued]>
[2024-06-04T00:00:04.524+0000] {taskinstance.py:2076} INFO - Dependencies all met for dep_context=requeueable deps ti=<TaskInstance: example_weekday_branch_operator.make_weekend_choice scheduled__2024-06-03T00:00:00+00:00 [queued]>
[2024-06-04T00:00:04.525+0000] {taskinstance.py:2306} INFO - Starting attempt 1 of 1
[2024-06-04T00:00:04.533+0000] {taskinstance.py:2330} INFO - Executing <Task(BranchDayOfWeekOperator): make_weekend_choice> on 2024-06-03 00:00:00+00:00
[2024-06-04T00:00:04.537+0000] {warnings.py:110} WARNING - /home/***/.local/lib/python3.12/site-packages/***/task/task_runner/standard_task_runner.py:61: DeprecationWarning: This process (pid=2210) is multi-threaded, use of fork() may lead to deadlocks in the child.
  pid = os.fork()

[2024-06-04T00:00:04.540+0000] {standard_task_runner.py:63} INFO - Started process 2212 to run task
[2024-06-04T00:00:04.538+0000] {standard_task_runner.py:90} INFO - Running: ['***', 'tasks', 'run', 'example_weekday_branch_operator', 'make_weekend_choice', 'scheduled__2024-06-03T00:00:00+00:00', '--job-id', '17', '--raw', '--subdir', '/home/***/.local/lib/python3.12/site-packages/***/example_dags/example_branch_day_of_week_operator.py', '--cfg-path', '/tmp/tmpssih103h']
[2024-06-04T00:00:04.540+0000] {standard_task_runner.py:91} INFO - Job 17: Subtask make_weekend_choice
[2024-06-04T00:00:04.570+0000] {task_command.py:426} INFO - Running <TaskInstance: example_weekday_branch_operator.make_weekend_choice scheduled__2024-06-03T00:00:00+00:00 [running]> on host f291404afb14
[2024-06-04T00:00:04.622+0000] {taskinstance.py:2648} INFO - Exporting env vars: AIRFLOW_CTX_DAG_OWNER='***' AIRFLOW_CTX_DAG_ID='example_weekday_branch_operator' AIRFLOW_CTX_TASK_ID='make_weekend_choice' AIRFLOW_CTX_EXECUTION_DATE='2024-06-03T00:00:00+00:00' AIRFLOW_CTX_TRY_NUMBER='1' AIRFLOW_CTX_DAG_RUN_ID='scheduled__2024-06-03T00:00:00+00:00'
[2024-06-04T00:00:04.624+0000] {taskinstance.py:430} INFO - ::endgroup::
[2024-06-04T00:00:04.624+0000] {branch.py:36} INFO - Branch into branch_mid_week
[2024-06-04T00:00:04.625+0000] {skipmixin.py:178} INFO - Following branch branch_mid_week
[2024-06-04T00:00:04.636+0000] {skipmixin.py:246} INFO - Skipping tasks [('branch_weekend', -1)]
[2024-06-04T00:00:04.652+0000] {taskinstance.py:441} INFO - ::group::Post task execution logs
[2024-06-04T00:00:04.665+0000] {taskinstance.py:1206} INFO - Marking task as SUCCESS. dag_id=example_weekday_branch_operator, task_id=make_weekend_choice, run_id=scheduled__2024-06-03T00:00:00+00:00, execution_date=20240603T000000, start_date=20240604T000004, end_date=20240604T000004
[2024-06-04T00:00:04.680+0000] {local_task_job_runner.py:240} INFO - Task exited with return code 0
[2024-06-04T00:00:04.696+0000] {taskinstance.py:3498} INFO - 0 downstream tasks scheduled from follow-on schedule check
[2024-06-04T00:00:04.697+0000] {local_task_job_runner.py:222} INFO - ::endgroup::
