[2024-06-03T21:43:50.916+0000] {local_task_job_runner.py:120} INFO - ::group::Pre task execution logs
[2024-06-03T21:43:50.939+0000] {taskinstance.py:2076} INFO - Dependencies all met for dep_context=non-requeueable deps ti=<TaskInstance: example_short_circuit_operator.condition_is_True scheduled__2024-06-02T00:00:00+00:00 [queued]>
[2024-06-03T21:43:50.955+0000] {taskinstance.py:2076} INFO - Dependencies all met for dep_context=requeueable deps ti=<TaskInstance: example_short_circuit_operator.condition_is_True scheduled__2024-06-02T00:00:00+00:00 [queued]>
[2024-06-03T21:43:50.965+0000] {taskinstance.py:2306} INFO - Starting attempt 1 of 1
[2024-06-03T21:43:51.043+0000] {taskinstance.py:2330} INFO - Executing <Task(ShortCircuitOperator): condition_is_True> on 2024-06-02 00:00:00+00:00
[2024-06-03T21:43:51.099+0000] {warnings.py:110} WARNING - /home/***/.local/lib/python3.12/site-packages/***/task/task_runner/standard_task_runner.py:61: DeprecationWarning: This process (pid=375) is multi-threaded, use of fork() may lead to deadlocks in the child.
  pid = os.fork()

[2024-06-03T21:43:51.107+0000] {standard_task_runner.py:63} INFO - Started process 391 to run task
[2024-06-03T21:43:51.102+0000] {standard_task_runner.py:90} INFO - Running: ['***', 'tasks', 'run', 'example_short_circuit_operator', 'condition_is_True', 'scheduled__2024-06-02T00:00:00+00:00', '--job-id', '7', '--raw', '--subdir', '/home/***/.local/lib/python3.12/site-packages/***/example_dags/example_short_circuit_operator.py', '--cfg-path', '/tmp/tmp9ju0e1gv']
[2024-06-03T21:43:51.110+0000] {standard_task_runner.py:91} INFO - Job 7: Subtask condition_is_True
[2024-06-03T21:43:51.224+0000] {task_command.py:426} INFO - Running <TaskInstance: example_short_circuit_operator.condition_is_True scheduled__2024-06-02T00:00:00+00:00 [running]> on host f291404afb14
[2024-06-03T21:43:51.378+0000] {taskinstance.py:2648} INFO - Exporting env vars: AIRFLOW_CTX_DAG_OWNER='***' AIRFLOW_CTX_DAG_ID='example_short_circuit_operator' AIRFLOW_CTX_TASK_ID='condition_is_True' AIRFLOW_CTX_EXECUTION_DATE='2024-06-02T00:00:00+00:00' AIRFLOW_CTX_TRY_NUMBER='1' AIRFLOW_CTX_DAG_RUN_ID='scheduled__2024-06-02T00:00:00+00:00'
[2024-06-03T21:43:51.389+0000] {taskinstance.py:430} INFO - ::endgroup::
[2024-06-03T21:43:51.390+0000] {baseoperator.py:399} WARNING - ShortCircuitOperator.execute cannot be called outside TaskInstance!
[2024-06-03T21:43:51.398+0000] {python.py:237} INFO - Done. Returned value was: True
[2024-06-03T21:43:51.412+0000] {python.py:304} INFO - Condition result is True
[2024-06-03T21:43:51.413+0000] {python.py:307} INFO - Proceeding with downstream tasks...
[2024-06-03T21:43:51.413+0000] {taskinstance.py:441} INFO - ::group::Post task execution logs
[2024-06-03T21:43:51.461+0000] {taskinstance.py:1206} INFO - Marking task as SUCCESS. dag_id=example_short_circuit_operator, task_id=condition_is_True, run_id=scheduled__2024-06-02T00:00:00+00:00, execution_date=20240602T000000, start_date=20240603T214350, end_date=20240603T214351
[2024-06-03T21:43:51.500+0000] {local_task_job_runner.py:240} INFO - Task exited with return code 0
[2024-06-03T21:43:51.514+0000] {local_task_job_runner.py:222} INFO - ::endgroup::
