[2024-06-05T00:00:02.640+0000] {local_task_job_runner.py:120} INFO - ::group::Pre task execution logs
[2024-06-05T00:00:02.651+0000] {taskinstance.py:2076} INFO - Dependencies all met for dep_context=non-requeueable deps ti=<TaskInstance: example_short_circuit_operator.short_circuit scheduled__2024-06-04T00:00:00+00:00 [queued]>
[2024-06-05T00:00:02.654+0000] {taskinstance.py:2076} INFO - Dependencies all met for dep_context=requeueable deps ti=<TaskInstance: example_short_circuit_operator.short_circuit scheduled__2024-06-04T00:00:00+00:00 [queued]>
[2024-06-05T00:00:02.654+0000] {taskinstance.py:2306} INFO - Starting attempt 1 of 1
[2024-06-05T00:00:02.660+0000] {taskinstance.py:2330} INFO - Executing <Task(ShortCircuitOperator): short_circuit> on 2024-06-04 00:00:00+00:00
[2024-06-05T00:00:02.664+0000] {warnings.py:110} WARNING - /home/***/.local/lib/python3.12/site-packages/***/task/task_runner/standard_task_runner.py:61: DeprecationWarning: This process (pid=6717) is multi-threaded, use of fork() may lead to deadlocks in the child.
  pid = os.fork()

[2024-06-05T00:00:02.665+0000] {standard_task_runner.py:63} INFO - Started process 6723 to run task
[2024-06-05T00:00:02.665+0000] {standard_task_runner.py:90} INFO - Running: ['***', 'tasks', 'run', 'example_short_circuit_operator', 'short_circuit', 'scheduled__2024-06-04T00:00:00+00:00', '--job-id', '46', '--raw', '--subdir', '/home/***/.local/lib/python3.12/site-packages/***/example_dags/example_short_circuit_operator.py', '--cfg-path', '/tmp/tmpbr8jj3t8']
[2024-06-05T00:00:02.667+0000] {standard_task_runner.py:91} INFO - Job 46: Subtask short_circuit
[2024-06-05T00:00:02.697+0000] {task_command.py:426} INFO - Running <TaskInstance: example_short_circuit_operator.short_circuit scheduled__2024-06-04T00:00:00+00:00 [running]> on host ef54d7d90fad
[2024-06-05T00:00:02.753+0000] {taskinstance.py:2648} INFO - Exporting env vars: AIRFLOW_CTX_DAG_OWNER='***' AIRFLOW_CTX_DAG_ID='example_short_circuit_operator' AIRFLOW_CTX_TASK_ID='short_circuit' AIRFLOW_CTX_EXECUTION_DATE='2024-06-04T00:00:00+00:00' AIRFLOW_CTX_TRY_NUMBER='1' AIRFLOW_CTX_DAG_RUN_ID='scheduled__2024-06-04T00:00:00+00:00'
[2024-06-05T00:00:02.756+0000] {taskinstance.py:430} INFO - ::endgroup::
[2024-06-05T00:00:02.757+0000] {baseoperator.py:399} WARNING - ShortCircuitOperator.execute cannot be called outside TaskInstance!
[2024-06-05T00:00:02.757+0000] {python.py:237} INFO - Done. Returned value was: False
[2024-06-05T00:00:02.758+0000] {python.py:304} INFO - Condition result is False
[2024-06-05T00:00:02.758+0000] {python.py:331} INFO - Skipping downstream tasks
[2024-06-05T00:00:02.779+0000] {python.py:339} INFO - Done.
[2024-06-05T00:00:02.780+0000] {taskinstance.py:441} INFO - ::group::Post task execution logs
[2024-06-05T00:00:02.799+0000] {taskinstance.py:1206} INFO - Marking task as SUCCESS. dag_id=example_short_circuit_operator, task_id=short_circuit, run_id=scheduled__2024-06-04T00:00:00+00:00, execution_date=20240604T000000, start_date=20240605T000002, end_date=20240605T000002
[2024-06-05T00:00:02.847+0000] {local_task_job_runner.py:240} INFO - Task exited with return code 0
[2024-06-05T00:00:02.858+0000] {taskinstance.py:3498} INFO - 0 downstream tasks scheduled from follow-on schedule check
[2024-06-05T00:00:02.859+0000] {local_task_job_runner.py:222} INFO - ::endgroup::
