[2024-06-04T12:22:09.216+0000] {local_task_job_runner.py:120} INFO - ::group::Pre task execution logs
[2024-06-04T12:22:09.230+0000] {taskinstance.py:2076} INFO - Dependencies all met for dep_context=non-requeueable deps ti=<TaskInstance: metrics_calculators.pipelin_dsqe manual__2024-06-04T12:22:06.857436+00:00 [queued]>
[2024-06-04T12:22:09.238+0000] {taskinstance.py:2076} INFO - Dependencies all met for dep_context=requeueable deps ti=<TaskInstance: metrics_calculators.pipelin_dsqe manual__2024-06-04T12:22:06.857436+00:00 [queued]>
[2024-06-04T12:22:09.238+0000] {taskinstance.py:2306} INFO - Starting attempt 1 of 2
[2024-06-04T12:22:09.246+0000] {taskinstance.py:2330} INFO - Executing <Task(PythonOperator): pipelin_dsqe> on 2024-06-04 12:22:06.857436+00:00
[2024-06-04T12:22:09.250+0000] {warnings.py:110} WARNING - /home/***/.local/lib/python3.12/site-packages/***/task/task_runner/standard_task_runner.py:61: DeprecationWarning: This process (pid=12115) is multi-threaded, use of fork() may lead to deadlocks in the child.
  pid = os.fork()

[2024-06-04T12:22:09.251+0000] {standard_task_runner.py:63} INFO - Started process 12124 to run task
[2024-06-04T12:22:09.251+0000] {standard_task_runner.py:90} INFO - Running: ['***', 'tasks', 'run', 'metrics_calculators', 'pipelin_dsqe', 'manual__2024-06-04T12:22:06.857436+00:00', '--job-id', '26', '--raw', '--subdir', 'DAGS_FOLDER/dag_reader.py', '--cfg-path', '/tmp/tmpgwcxnine']
[2024-06-04T12:22:09.253+0000] {standard_task_runner.py:91} INFO - Job 26: Subtask pipelin_dsqe
[2024-06-04T12:22:09.287+0000] {task_command.py:426} INFO - Running <TaskInstance: metrics_calculators.pipelin_dsqe manual__2024-06-04T12:22:06.857436+00:00 [running]> on host f291404afb14
[2024-06-04T12:22:09.337+0000] {taskinstance.py:2648} INFO - Exporting env vars: AIRFLOW_CTX_DAG_OWNER='mehdizarria' AIRFLOW_CTX_DAG_ID='metrics_calculators' AIRFLOW_CTX_TASK_ID='pipelin_dsqe' AIRFLOW_CTX_EXECUTION_DATE='2024-06-04T12:22:06.857436+00:00' AIRFLOW_CTX_TRY_NUMBER='1' AIRFLOW_CTX_DAG_RUN_ID='manual__2024-06-04T12:22:06.857436+00:00'
[2024-06-04T12:22:09.340+0000] {taskinstance.py:430} INFO - ::endgroup::
[2024-06-04T12:22:09.344+0000] {logging_mixin.py:188} INFO - pipeline
[2024-06-04T12:22:09.345+0000] {python.py:237} INFO - Done. Returned value was: None
[2024-06-04T12:22:09.346+0000] {taskinstance.py:441} INFO - ::group::Post task execution logs
[2024-06-04T12:22:09.354+0000] {taskinstance.py:1206} INFO - Marking task as SUCCESS. dag_id=metrics_calculators, task_id=pipelin_dsqe, run_id=manual__2024-06-04T12:22:06.857436+00:00, execution_date=20240604T122206, start_date=20240604T122209, end_date=20240604T122209
[2024-06-04T12:22:09.390+0000] {local_task_job_runner.py:240} INFO - Task exited with return code 0
[2024-06-04T12:22:09.404+0000] {taskinstance.py:3498} INFO - 0 downstream tasks scheduled from follow-on schedule check
[2024-06-04T12:22:09.405+0000] {local_task_job_runner.py:222} INFO - ::endgroup::
