[2024-06-03T21:43:51.565+0000] {local_task_job_runner.py:120} INFO - ::group::Pre task execution logs
[2024-06-03T21:43:51.588+0000] {taskinstance.py:2076} INFO - Dependencies all met for dep_context=non-requeueable deps ti=<TaskInstance: example_short_circuit_operator.short_circuit scheduled__2024-06-02T00:00:00+00:00 [queued]>
[2024-06-03T21:43:51.594+0000] {taskinstance.py:2076} INFO - Dependencies all met for dep_context=requeueable deps ti=<TaskInstance: example_short_circuit_operator.short_circuit scheduled__2024-06-02T00:00:00+00:00 [queued]>
[2024-06-03T21:43:51.594+0000] {taskinstance.py:2306} INFO - Starting attempt 1 of 1
[2024-06-03T21:43:51.603+0000] {taskinstance.py:2330} INFO - Executing <Task(ShortCircuitOperator): short_circuit> on 2024-06-02 00:00:00+00:00
[2024-06-03T21:43:51.607+0000] {warnings.py:110} WARNING - /home/***/.local/lib/python3.12/site-packages/***/task/task_runner/standard_task_runner.py:61: DeprecationWarning: This process (pid=384) is multi-threaded, use of fork() may lead to deadlocks in the child.
  pid = os.fork()

[2024-06-03T21:43:51.609+0000] {standard_task_runner.py:63} INFO - Started process 396 to run task
[2024-06-03T21:43:51.609+0000] {standard_task_runner.py:90} INFO - Running: ['***', 'tasks', 'run', 'example_short_circuit_operator', 'short_circuit', 'scheduled__2024-06-02T00:00:00+00:00', '--job-id', '12', '--raw', '--subdir', '/home/***/.local/lib/python3.12/site-packages/***/example_dags/example_short_circuit_operator.py', '--cfg-path', '/tmp/tmpmgq2psdt']
[2024-06-03T21:43:51.611+0000] {standard_task_runner.py:91} INFO - Job 12: Subtask short_circuit
[2024-06-03T21:43:51.656+0000] {task_command.py:426} INFO - Running <TaskInstance: example_short_circuit_operator.short_circuit scheduled__2024-06-02T00:00:00+00:00 [running]> on host f291404afb14
[2024-06-03T21:43:51.719+0000] {taskinstance.py:2648} INFO - Exporting env vars: AIRFLOW_CTX_DAG_OWNER='***' AIRFLOW_CTX_DAG_ID='example_short_circuit_operator' AIRFLOW_CTX_TASK_ID='short_circuit' AIRFLOW_CTX_EXECUTION_DATE='2024-06-02T00:00:00+00:00' AIRFLOW_CTX_TRY_NUMBER='1' AIRFLOW_CTX_DAG_RUN_ID='scheduled__2024-06-02T00:00:00+00:00'
[2024-06-03T21:43:51.720+0000] {taskinstance.py:430} INFO - ::endgroup::
[2024-06-03T21:43:51.720+0000] {baseoperator.py:399} WARNING - ShortCircuitOperator.execute cannot be called outside TaskInstance!
[2024-06-03T21:43:51.720+0000] {python.py:237} INFO - Done. Returned value was: False
[2024-06-03T21:43:51.721+0000] {python.py:304} INFO - Condition result is False
[2024-06-03T21:43:51.721+0000] {python.py:331} INFO - Skipping downstream tasks
[2024-06-03T21:43:51.737+0000] {python.py:339} INFO - Done.
[2024-06-03T21:43:51.738+0000] {taskinstance.py:441} INFO - ::group::Post task execution logs
[2024-06-03T21:43:51.751+0000] {taskinstance.py:1206} INFO - Marking task as SUCCESS. dag_id=example_short_circuit_operator, task_id=short_circuit, run_id=scheduled__2024-06-02T00:00:00+00:00, execution_date=20240602T000000, start_date=20240603T214351, end_date=20240603T214351
[2024-06-03T21:43:51.791+0000] {local_task_job_runner.py:240} INFO - Task exited with return code 0
[2024-06-03T21:43:51.804+0000] {taskinstance.py:3498} INFO - 0 downstream tasks scheduled from follow-on schedule check
[2024-06-03T21:43:51.806+0000] {local_task_job_runner.py:222} INFO - ::endgroup::
