[2024-06-04T15:52:06.481+0000] {local_task_job_runner.py:120} INFO - ::group::Pre task execution logs
[2024-06-04T15:52:06.498+0000] {taskinstance.py:2076} INFO - Dependencies all met for dep_context=non-requeueable deps ti=<TaskInstance: metrics_calculator.start_pipeline manual__2024-06-04T15:52:03.415913+00:00 [queued]>
[2024-06-04T15:52:06.504+0000] {taskinstance.py:2076} INFO - Dependencies all met for dep_context=requeueable deps ti=<TaskInstance: metrics_calculator.start_pipeline manual__2024-06-04T15:52:03.415913+00:00 [queued]>
[2024-06-04T15:52:06.505+0000] {taskinstance.py:2306} INFO - Starting attempt 1 of 2
[2024-06-04T15:52:06.515+0000] {taskinstance.py:2330} INFO - Executing <Task(PythonOperator): start_pipeline> on 2024-06-04 15:52:03.415913+00:00
[2024-06-04T15:52:06.522+0000] {warnings.py:110} WARNING - /home/***/.local/lib/python3.12/site-packages/***/task/task_runner/standard_task_runner.py:61: DeprecationWarning: This process (pid=224) is multi-threaded, use of fork() may lead to deadlocks in the child.
  pid = os.fork()

[2024-06-04T15:52:06.524+0000] {standard_task_runner.py:63} INFO - Started process 226 to run task
[2024-06-04T15:52:06.524+0000] {standard_task_runner.py:90} INFO - Running: ['***', 'tasks', 'run', 'metrics_calculator', 'start_pipeline', 'manual__2024-06-04T15:52:03.415913+00:00', '--job-id', '41', '--raw', '--subdir', 'DAGS_FOLDER/dag_reader.py', '--cfg-path', '/tmp/tmpzf84pdna']
[2024-06-04T15:52:06.526+0000] {standard_task_runner.py:91} INFO - Job 41: Subtask start_pipeline
[2024-06-04T15:52:06.564+0000] {task_command.py:426} INFO - Running <TaskInstance: metrics_calculator.start_pipeline manual__2024-06-04T15:52:03.415913+00:00 [running]> on host ef54d7d90fad
[2024-06-04T15:52:06.631+0000] {taskinstance.py:2648} INFO - Exporting env vars: AIRFLOW_CTX_DAG_OWNER='mehdizarria' AIRFLOW_CTX_DAG_ID='metrics_calculator' AIRFLOW_CTX_TASK_ID='start_pipeline' AIRFLOW_CTX_EXECUTION_DATE='2024-06-04T15:52:03.415913+00:00' AIRFLOW_CTX_TRY_NUMBER='1' AIRFLOW_CTX_DAG_RUN_ID='manual__2024-06-04T15:52:03.415913+00:00'
[2024-06-04T15:52:06.633+0000] {taskinstance.py:430} INFO - ::endgroup::
[2024-06-04T15:52:09.430+0000] {logging_mixin.py:188} INFO - hello pipeline
[2024-06-04T15:52:09.432+0000] {python.py:237} INFO - Done. Returned value was: None
[2024-06-04T15:52:09.433+0000] {taskinstance.py:441} INFO - ::group::Post task execution logs
[2024-06-04T15:52:09.453+0000] {taskinstance.py:1206} INFO - Marking task as SUCCESS. dag_id=metrics_calculator, task_id=start_pipeline, run_id=manual__2024-06-04T15:52:03.415913+00:00, execution_date=20240604T155203, start_date=20240604T155206, end_date=20240604T155209
[2024-06-04T15:52:09.501+0000] {local_task_job_runner.py:240} INFO - Task exited with return code 0
[2024-06-04T15:52:09.524+0000] {taskinstance.py:3498} INFO - 0 downstream tasks scheduled from follow-on schedule check
[2024-06-04T15:52:09.524+0000] {local_task_job_runner.py:222} INFO - ::endgroup::
